<?xml version="1.0" encoding="UTF-8"?>
<!-- Generated by org.testng.reporters.JUnitReportReporter -->
<testsuite hostname="WKWZTCG72X1q0Xh" failures="0" tests="6" name="tests.LoginTest" time="16.859" errors="0" timestamp="2025-07-31T12:47:54 IST" skipped="0">
  <testcase classname="tests.LoginTest" name="loginWithCredentials" time="0.821"/>
  <testcase classname="tests.LoginTest" name="createCustomer" time="3.349"/>
  <testcase classname="tests.LoginTest" name="editCategory" time="3.691"/>
  <testcase classname="tests.LoginTest" name="afterEdit" time="1.135"/>
  <testcase classname="tests.LoginTest" name="DeleteCustomer" time="4.551"/>
  <testcase classname="tests.LoginTest" name="loginWithInvalidCredentials" time="3.312"/>
</testsuite> <!-- tests.LoginTest -->
